<?xml version="1.0" encoding="UTF-8"?>
<!-- Generated by org.testng.reporters.JUnitReportReporter -->
<testsuite hostname="DESKTOP-A7PUH0H" failures="0" tests="1" name="driverFactory.AppTest" time="48.879" errors="0" timestamp="2024-02-24T14:31:29 IST" skipped="0">
  <testcase classname="driverFactory.AppTest" name="kickstart" time="48.879"/>
  <system-out>
    <![CDATA[Supplier-00000001608    Qedge]]>
  </system-out>
</testsuite> <!-- driverFactory.AppTest -->
